#
# There is insufficient memory for the Java Runtime Environment to continue.
# Native memory allocation (mmap) failed to map 132120576 bytes for G1 virtual space
# Possible reasons:
#   The system is out of physical RAM or swap space
#   The process is running with CompressedOops enabled, and the Java Heap may be blocking the growth of the native heap
# Possible solutions:
#   Reduce memory load on the system
#   Increase physical memory or swap space
#   Check if swap backing store is full
#   Decrease Java heap size (-Xmx/-Xms)
#   Decrease number of Java threads
#   Decrease Java thread stack sizes (-Xss)
#   Set larger code cache with -XX:ReservedCodeCacheSize=
#   JVM is running with Unscaled Compressed Oops mode in which the Java heap is
#     placed in the first 4GB address space. The Java Heap base address is the
#     maximum limit for the native heap growth. Please use -XX:HeapBaseMinAddress
#     to set the Java Heap base and to place the Java Heap above 4GB virtual address.
# This output file may be truncated or incomplete.
#
#  Out of Memory Error (os_windows.cpp:3527), pid=16560, tid=18284
#
# JRE version:  (19.0+36) (build )
# Java VM: Java HotSpot(TM) 64-Bit Server VM (19+36-2238, mixed mode, sharing, tiered, compressed oops, compressed class ptrs, g1 gc, windows-amd64)
# No core dump will be written. Minidumps are not enabled by default on client versions of Windows
#

---------------  S U M M A R Y ------------

Command Line: -javaagent:C:\Users\asus\IntelliJ IDEA Community Edition 2022.1.3\lib\idea_rt.jar=55805:C:\Users\asus\IntelliJ IDEA Community Edition 2022.1.3\bin -Dfile.encoding=UTF-8 MyServer

Host: Intel(R) Core(TM) i5-8265U CPU @ 1.60GHz, 8 cores, 7G,  Windows 10 , 64 bit Build 19041 (10.0.19041.3031)
Time: Wed Jun 28 16:51:43 2023 GTB Daylight Time elapsed time: 0.023079 seconds (0d 0h 0m 0s)

---------------  T H R E A D  ---------------

Current thread (0x00000279b4bc9b70):  JavaThread "Unknown thread" [_thread_in_vm, id=18284, stack(0x000000b4da600000,0x000000b4da700000)]

Stack: [0x000000b4da600000,0x000000b4da700000]
Native frames: (J=compiled Java code, j=interpreted, Vv=VM code, C=native code)
V  [jvm.dll+0x6ee8fa]
V  [jvm.dll+0x857a1e]
V  [jvm.dll+0x85940e]
V  [jvm.dll+0x859ac3]
V  [jvm.dll+0x28291f]
V  [jvm.dll+0x6eb6e9]
V  [jvm.dll+0x6e028a]
V  [jvm.dll+0x357136]
V  [jvm.dll+0x35eb96]
V  [jvm.dll+0x3b555e]
V  [jvm.dll+0x3b578f]
V  [jvm.dll+0x32c6ea]
V  [jvm.dll+0x32d59e]
V  [jvm.dll+0x821b20]
V  [jvm.dll+0x3c27c1]
V  [jvm.dll+0x8022f1]
V  [jvm.dll+0x44b30f]
V  [jvm.dll+0x44cc91]
C  [jli.dll+0x5287]
C  [ucrtbase.dll+0x21bb2]
C  [KERNEL32.DLL+0x17614]
C  [ntdll.dll+0x526f1]


---------------  P R O C E S S  ---------------

Threads class SMR info:
_java_thread_list=0x00007ffd4841d048, length=0, elements={
}

Java Threads: ( => current thread )

Other Threads:
  0x00000279b4c28d10 WorkerThread "GC Thread#0" [stack: 0x000000b4da700000,0x000000b4da800000] [id=11248]
  0x00000279b4c39990 ConcurrentGCThread "G1 Main Marker" [stack: 0x000000b4da800000,0x000000b4da900000] [id=13792]
  0x00000279b4c3bb70 WorkerThread "G1 Conc#0" [stack: 0x000000b4da900000,0x000000b4daa00000] [id=18244]

[error occurred during error reporting (printing all threads), id 0xc0000005, EXCEPTION_ACCESS_VIOLATION (0xc0000005) at pc=0x00007ffd47bdd127]

VM state: not at safepoint (not fully initialized)

VM Mutex/Monitor currently owned by a thread:  ([mutex/lock_event])
[0x00000279b4bc6e90] Heap_lock - owner thread: 0x00000279b4bc9b70

Heap address: 0x0000000082400000, size: 2012 MB, Compressed Oops mode: 32-bit

CDS archive(s) mapped at: [0x0000000000000000-0x0000000000000000-0x0000000000000000), size 0, SharedBaseAddress: 0x0000000800000000, ArchiveRelocationMode: 0.
Narrow klass base: 0x0000000000000000, Narrow klass shift: 0, Narrow klass range: 0x0

GC Precious Log:
 CardTable entry size: 512
 Card Set container configuration: InlinePtr #cards 5 size 8 Array Of Cards #cards 12 size 40 Howl #buckets 4 coarsen threshold 1843 Howl Bitmap #cards 512 size 80 coarsen threshold 460 Card regions per heap region 1 cards per card region 2048

Heap:
 garbage-first heap   total 0K, used 0K [0x0000000082400000, 0x0000000100000000)
  region size 1024K, 0 young (0K), 0 survivors (0K)

[error occurred during error reporting (printing heap information), id 0xc0000005, EXCEPTION_ACCESS_VIOLATION (0xc0000005) at pc=0x00007ffd47fe6959]

GC Heap History (0 events):
No events

Dll operation events (1 events):
Event: 0.015 Loaded shared library C:\Program Files\Java\jdk-19\bin\java.dll

Deoptimization events (0 events):
No events

Classes loaded (0 events):
No events

Classes unloaded (0 events):
No events

Classes redefined (0 events):
No events

Internal exceptions (0 events):
No events

VM Operations (0 events):
No events

Events (0 events):
No events


Dynamic libraries:
0x00007ff6a4da0000 - 0x00007ff6a4db0000 	C:\Program Files\Java\jdk-19\bin\java.exe
0x00007ffd83170000 - 0x00007ffd83368000 	C:\Windows\SYSTEM32\ntdll.dll
0x00007ffd811d0000 - 0x00007ffd8128f000 	C:\Windows\System32\KERNEL32.DLL
0x00007ffd809f0000 - 0x00007ffd80ce6000 	C:\Windows\System32\KERNELBASE.dll
0x00007ffd810d0000 - 0x00007ffd811d0000 	C:\Windows\System32\ucrtbase.dll
0x00007ffd7c090000 - 0x00007ffd7c0ab000 	C:\Program Files\Java\jdk-19\bin\VCRUNTIME140.dll
0x00007ffd7b030000 - 0x00007ffd7b048000 	C:\Program Files\Java\jdk-19\bin\jli.dll
0x00007ffd82460000 - 0x00007ffd8250f000 	C:\Windows\System32\ADVAPI32.dll
0x00007ffd816c0000 - 0x00007ffd8175e000 	C:\Windows\System32\msvcrt.dll
0x00007ffd81290000 - 0x00007ffd8132c000 	C:\Windows\System32\sechost.dll
0x00007ffd827d0000 - 0x00007ffd828f6000 	C:\Windows\System32\RPCRT4.dll
0x00007ffd81370000 - 0x00007ffd8150d000 	C:\Windows\System32\USER32.dll
0x00007ffd80cf0000 - 0x00007ffd80d12000 	C:\Windows\System32\win32u.dll
0x00007ffd6c580000 - 0x00007ffd6c81a000 	C:\Windows\WinSxS\amd64_microsoft.windows.common-controls_6595b64144ccf1df_6.0.19041.1110_none_60b5254171f9507e\COMCTL32.dll
0x00007ffd81b00000 - 0x00007ffd81b2c000 	C:\Windows\System32\GDI32.dll
0x00007ffd80f40000 - 0x00007ffd81055000 	C:\Windows\System32\gdi32full.dll
0x00007ffd80950000 - 0x00007ffd809ed000 	C:\Windows\System32\msvcp_win.dll
0x00007ffd79b90000 - 0x00007ffd79b9a000 	C:\Windows\SYSTEM32\VERSION.dll
0x00007ffd81330000 - 0x00007ffd81360000 	C:\Windows\System32\IMM32.DLL
0x00007ffd7dce0000 - 0x00007ffd7dcec000 	C:\Program Files\Java\jdk-19\bin\vcruntime140_1.dll
0x00007ffd774a0000 - 0x00007ffd7752e000 	C:\Program Files\Java\jdk-19\bin\msvcp140.dll
0x00007ffd478a0000 - 0x00007ffd48560000 	C:\Program Files\Java\jdk-19\bin\server\jvm.dll
0x00007ffd7c030000 - 0x00007ffd7c039000 	C:\Windows\SYSTEM32\WSOCK32.dll
0x00007ffd65880000 - 0x00007ffd658a7000 	C:\Windows\SYSTEM32\WINMM.dll
0x00007ffd819c0000 - 0x00007ffd81a2b000 	C:\Windows\System32\WS2_32.dll
0x00007ffd7f080000 - 0x00007ffd7f092000 	C:\Windows\SYSTEM32\kernel.appcore.dll
0x00007ffd7c0e0000 - 0x00007ffd7c0ea000 	C:\Program Files\Java\jdk-19\bin\jimage.dll
0x00007ffd7e460000 - 0x00007ffd7e644000 	C:\Windows\SYSTEM32\DBGHELP.DLL
0x00007ffd69fd0000 - 0x00007ffd6a004000 	C:\Windows\SYSTEM32\dbgcore.DLL
0x00007ffd80eb0000 - 0x00007ffd80f32000 	C:\Windows\System32\bcryptPrimitives.dll
0x00007ffd7bff0000 - 0x00007ffd7bffe000 	C:\Program Files\Java\jdk-19\bin\instrument.dll
0x00007ffd7a910000 - 0x00007ffd7a936000 	C:\Program Files\Java\jdk-19\bin\java.dll

dbghelp: loaded successfully - version: 4.0.5 - missing functions: none
symbol engine: initialized successfully - sym options: 0x614 - pdb path: .;C:\Program Files\Java\jdk-19\bin;C:\Windows\SYSTEM32;C:\Windows\WinSxS\amd64_microsoft.windows.common-controls_6595b64144ccf1df_6.0.19041.1110_none_60b5254171f9507e;C:\Program Files\Java\jdk-19\bin\server

VM Arguments:
jvm_args: -javaagent:C:\Users\asus\IntelliJ IDEA Community Edition 2022.1.3\lib\idea_rt.jar=55805:C:\Users\asus\IntelliJ IDEA Community Edition 2022.1.3\bin -Dfile.encoding=UTF-8 
java_command: MyServer
java_class_path (initial): D:\Facultate\Anul II\MobileApps\MyServer\out\production\MyServer;D:\mysql-connector-java-8.0.30.jar
Launcher Type: SUN_STANDARD

[Global flags]
     intx CICompilerCount                          = 4                                         {product} {ergonomic}
     uint ConcGCThreads                            = 2                                         {product} {ergonomic}
     uint G1ConcRefinementThreads                  = 8                                         {product} {ergonomic}
   size_t G1HeapRegionSize                         = 1048576                                   {product} {ergonomic}
    uintx GCDrainStackTargetSize                   = 64                                        {product} {ergonomic}
   size_t InitialHeapSize                          = 132120576                                 {product} {ergonomic}
   size_t MarkStackSize                            = 4194304                                   {product} {ergonomic}
   size_t MaxHeapSize                              = 2109734912                                {product} {ergonomic}
   size_t MinHeapDeltaBytes                        = 1048576                                   {product} {ergonomic}
   size_t MinHeapSize                              = 8388608                                   {product} {ergonomic}
    uintx NonNMethodCodeHeapSize                   = 5839372                                {pd product} {ergonomic}
    uintx NonProfiledCodeHeapSize                  = 122909434                              {pd product} {ergonomic}
    uintx ProfiledCodeHeapSize                     = 122909434                              {pd product} {ergonomic}
    uintx ReservedCodeCacheSize                    = 251658240                              {pd product} {ergonomic}
     bool SegmentedCodeCache                       = true                                      {product} {ergonomic}
   size_t SoftMaxHeapSize                          = 2109734912                             {manageable} {ergonomic}
     bool UseCompressedClassPointers               = true                           {product lp64_product} {ergonomic}
     bool UseCompressedOops                        = true                           {product lp64_product} {ergonomic}
     bool UseG1GC                                  = true                                      {product} {ergonomic}
     bool UseLargePagesIndividualAllocation        = false                                  {pd product} {ergonomic}

Logging:
Log output configuration:
 #0: stdout all=warning uptime,level,tags foldmultilines=false
 #1: stderr all=off uptime,level,tags foldmultilines=false

Environment Variables:
PATH=C:\Program Files\Common Files\Oracle\Java\javapath;C:\Program Files (x86)\Cuminas\Document Express DjVu Plug-in\;C:\Windows\system32;C:\Windows;C:\Windows\System32\Wbem;C:\Windows\System32\WindowsPowerShell\v1.0\;C:\Windows\System32\OpenSSH\;C:\MinGW\bin;C:\Program Files\Microsoft VS Code\bin;C:\Program Files\Microsoft SQL Server\150\Tools\Binn\;C:\Program Files\dotnet\;C:\Program Files\Git\cmd;C:\Program Files\Microsoft SQL Server\Client SDK\ODBC\170\Tools\Binn\;C:\Program Files (x86)\Microsoft SQL Server\160\DTS\Binn\;C:\Program Files\Azure Data Studio\bin;C:\Users\asus\AppData\Local\Microsoft\WindowsApps;C:\Users\asus\.dotnet\tools;C:\Program Files\Azure Data Studio\bin
USERNAME=asus
OS=Windows_NT
PROCESSOR_IDENTIFIER=Intel64 Family 6 Model 142 Stepping 11, GenuineIntel
TMP=C:\Users\asus\AppData\Local\Temp
TEMP=C:\Users\asus\AppData\Local\Temp



---------------  S Y S T E M  ---------------

OS:
 Windows 10 , 64 bit Build 19041 (10.0.19041.3031)
OS uptime: 1 days 22:00 hours
Hyper-V role detected

CPU: total 8 (initial active 8) (4 cores per cpu, 2 threads per core) family 6 model 142 stepping 11 microcode 0xde, cx8, cmov, fxsr, ht, mmx, 3dnowpref, sse, sse2, sse3, ssse3, sse4.1, sse4.2, popcnt, lzcnt, tsc, tscinvbit, avx, avx2, aes, erms, clmul, bmi1, bmi2, adx, fma, vzeroupper, clflush, clflushopt, hv, rdtscp

Memory: 4k page, system-wide physical 8043M (556M free)
TotalPageFile size 14293M (AvailPageFile size 87M)
current process WorkingSet (physical memory assigned to process): 10M, peak: 10M
current process commit charge ("private bytes"): 60M, peak: 186M

vm_info: Java HotSpot(TM) 64-Bit Server VM (19+36-2238) for windows-amd64 JRE (19+36-2238), built on 2022-08-12T20:29:01Z by "mach5one" with MS VC++ 17.1 (VS2022)

END.
